<?xml version="1.0" encoding="UTF-8"?>
<!-- Generated by org.testng.reporters.JUnitReportReporter -->
<testsuite hostname="DESKTOP-GE7A7DT" failures="0" tests="1" name="org.Challenges.Day_8.TestNg" time="34.184" errors="0" timestamp="2023-10-09T20:02:50 IST" skipped="0">
  <testcase classname="org.Challenges.Day_8.TestNg" name="tc1" time="34.184"/>
  <system-out/>
</testsuite> <!-- org.Challenges.Day_8.TestNg -->
