<?xml version="1.0" encoding="UTF-8"?>
<!-- Generated by org.testng.reporters.JUnitReportReporter -->
<testsuite hostname="DESKTOP-GE7A7DT" failures="0" tests="3" name="org.Sample.TestNG.Cross_Browser.parallelExecution" time="516.184" errors="0" timestamp="2023-10-20T07:52:06 IST" skipped="0">
  <testcase classname="org.Sample.TestNG.Cross_Browser.parallelExecution" name="tc2" time="167.103"/>
  <system-out/>
  <testcase classname="org.Sample.TestNG.Cross_Browser.parallelExecution" name="tc3" time="188.718"/>
  <system-out/>
  <testcase classname="org.Sample.TestNG.Cross_Browser.parallelExecution" name="tc1" time="160.363"/>
  <system-out/>
</testsuite> <!-- org.Sample.TestNG.Cross_Browser.parallelExecution -->
