<?xml version="1.0" encoding="UTF-8"?>
<!-- Generated by org.testng.reporters.JUnitReportReporter -->
<testsuite hostname="DESKTOP-GE7A7DT" failures="0" tests="2" name="org.Sample.TestNG.Cross_Browser.Class_Level.classB" time="54.223" errors="0" timestamp="2023-10-20T08:48:47 IST" skipped="0">
  <testcase classname="org.Sample.TestNG.Cross_Browser.Class_Level.classB" name="tc1" time="29.212"/>
  <system-out/>
  <testcase classname="org.Sample.TestNG.Cross_Browser.Class_Level.classB" name="tc3" time="25.011"/>
  <system-out/>
</testsuite> <!-- org.Sample.TestNG.Cross_Browser.Class_Level.classB -->
