<?xml version="1.0" encoding="UTF-8"?>
<!-- Generated by org.testng.reporters.JUnitReportReporter -->
<testsuite hostname="DESKTOP-GE7A7DT" failures="0" tests="7" name="org.Challenges.Day_8.Priority" time="116.466" errors="0" timestamp="2023-10-10T06:25:52 IST" skipped="0">
  <testcase classname="org.Challenges.Day_8.Priority" name="tc7" time="20.889"/>
  <system-out/>
  <testcase classname="org.Challenges.Day_8.Priority" name="tc5" time="24.102"/>
  <system-out/>
  <testcase classname="org.Challenges.Day_8.Priority" name="tc4" time="14.264"/>
  <system-out/>
  <testcase classname="org.Challenges.Day_8.Priority" name="tc2" time="14.988"/>
  <system-out/>
  <testcase classname="org.Challenges.Day_8.Priority" name="tc1" time="6.238"/>
  <system-out/>
  <testcase classname="org.Challenges.Day_8.Priority" name="tc3" time="18.657"/>
  <system-out/>
  <testcase classname="org.Challenges.Day_8.Priority" name="tc6" time="17.328"/>
  <system-out/>
</testsuite> <!-- org.Challenges.Day_8.Priority -->
