<?xml version="1.0" encoding="UTF-8"?>
<!-- Generated by org.testng.reporters.JUnitReportReporter -->
<testsuite hostname="DESKTOP-GE7A7DT" failures="0" tests="2" name="org.Challenges.Day_9.B" time="115.269" errors="0" timestamp="2023-10-15T10:14:25 IST" skipped="0">
  <testcase classname="org.Challenges.Day_9.B" name="tc1" time="56.735"/>
  <system-out/>
  <testcase classname="org.Challenges.Day_9.B" name="tc1" time="58.534"/>
  <system-out/>
</testsuite> <!-- org.Challenges.Day_9.B -->
