<?xml version="1.0" encoding="UTF-8"?>
<!-- Generated by org.testng.reporters.JUnitReportReporter -->
<testsuite hostname="DESKTOP-GE7A7DT" failures="0" tests="3" name="org.Sample.TestNG.SuiteLevel.sample2" time="0.078" errors="0" timestamp="2023-10-10T06:38:16 IST" skipped="0">
  <testcase classname="org.Sample.TestNG.SuiteLevel.sample2" name="tc2" time="0.054"/>
  <system-out/>
  <testcase classname="org.Sample.TestNG.SuiteLevel.sample2" name="tc5" time="0.006"/>
  <system-out/>
  <testcase classname="org.Sample.TestNG.SuiteLevel.sample2" name="tc8" time="0.018"/>
  <system-out/>
</testsuite> <!-- org.Sample.TestNG.SuiteLevel.sample2 -->
