<?xml version="1.0" encoding="UTF-8"?>
<!-- Generated by org.testng.reporters.JUnitReportReporter -->
<testsuite hostname="DESKTOP-GE7A7DT" failures="0" tests="9" name="org.Sample.TestNG.priority" time="0.114" errors="0" timestamp="2023-10-15T09:28:17 IST" skipped="0">
  <testcase classname="org.Sample.TestNG.priority" name="tc5" time="0.026"/>
  <system-out/>
  <testcase classname="org.Sample.TestNG.priority" name="tc2" time="0.012"/>
  <system-out/>
  <testcase classname="org.Sample.TestNG.priority" name="tc6" time="0.021"/>
  <system-out/>
  <testcase classname="org.Sample.TestNG.priority" name="tc6" time="0.010"/>
  <system-out/>
  <testcase classname="org.Sample.TestNG.priority" name="tc6" time="0.009"/>
  <system-out/>
  <testcase classname="org.Sample.TestNG.priority" name="tc6" time="0.011"/>
  <system-out/>
  <testcase classname="org.Sample.TestNG.priority" name="tc4" time="0.016"/>
  <system-out/>
  <testcase classname="org.Sample.TestNG.priority" name="tc8" time="0.005"/>
  <system-out/>
  <testcase classname="org.Sample.TestNG.priority" name="tc1" time="0.004"/>
  <system-out/>
</testsuite> <!-- org.Sample.TestNG.priority -->
