<?xml version="1.0" encoding="UTF-8"?>
<!-- Generated by org.testng.reporters.JUnitReportReporter -->
<testsuite hostname="DESKTOP-GE7A7DT" failures="0" tests="3" name="org.Sample.TestNG.SuiteLevel.sample3" time="0.108" errors="0" timestamp="2023-10-10T06:38:16 IST" skipped="0">
  <testcase classname="org.Sample.TestNG.SuiteLevel.sample3" name="tc12" time="0.080"/>
  <system-out/>
  <testcase classname="org.Sample.TestNG.SuiteLevel.sample3" name="tc15" time="0.019"/>
  <system-out/>
  <testcase classname="org.Sample.TestNG.SuiteLevel.sample3" name="tc18" time="0.009"/>
  <system-out/>
</testsuite> <!-- org.Sample.TestNG.SuiteLevel.sample3 -->
