<?xml version="1.0" encoding="UTF-8"?>
<!-- Generated by org.testng.reporters.JUnitReportReporter -->
<testsuite hostname="DESKTOP-GE7A7DT" failures="0" tests="4" name="org.Sample.TestNG.sample1" time="42.477" errors="0" timestamp="2023-10-09T20:08:24 IST" skipped="1">
  <testcase classname="org.Sample.TestNG.sample1" name="tc1" time="11.443"/>
  <system-out/>
  <testcase classname="org.Sample.TestNG.sample1" name="tc3" time="14.871"/>
  <system-out/>
  <testcase classname="org.Sample.TestNG.sample1" name="tc3" time="16.163"/>
  <system-out/>
  <testcase classname="org.Sample.TestNG.sample1" name="tc9">
    <skipped/>
  </testcase> <!-- tc9 -->
  <system-out/>
</testsuite> <!-- org.Sample.TestNG.sample1 -->
