<?xml version="1.0" encoding="UTF-8"?>
<!-- Generated by org.testng.reporters.JUnitReportReporter -->
<testsuite hostname="DESKTOP-GE7A7DT" failures="0" tests="3" name="org.Sample.TestNG.SuiteLevel.sample1" time="0.067" errors="0" timestamp="2023-10-10T06:38:16 IST" skipped="0">
  <testcase classname="org.Sample.TestNG.SuiteLevel.sample1" name="tc9" time="0.013"/>
  <system-out/>
  <testcase classname="org.Sample.TestNG.SuiteLevel.sample1" name="tc3" time="0.045"/>
  <system-out/>
  <testcase classname="org.Sample.TestNG.SuiteLevel.sample1" name="tc1" time="0.009"/>
  <system-out/>
</testsuite> <!-- org.Sample.TestNG.SuiteLevel.sample1 -->
