<?xml version="1.0" encoding="UTF-8"?>
<!-- Generated by org.testng.reporters.JUnitReportReporter -->
<testsuite hostname="DESKTOP-GE7A7DT" failures="0" tests="2" name="org.Sample.TestNG.Cross_Browser.Class_Level.classA" time="219.805" errors="0" timestamp="2023-10-20T08:47:04 IST" skipped="0">
  <testcase classname="org.Sample.TestNG.Cross_Browser.Class_Level.classA" name="tc3" time="136.057"/>
  <system-out/>
  <testcase classname="org.Sample.TestNG.Cross_Browser.Class_Level.classA" name="tc1" time="83.748"/>
  <system-out/>
</testsuite> <!-- org.Sample.TestNG.Cross_Browser.Class_Level.classA -->
