<?xml version="1.0" encoding="UTF-8"?>
<!-- Generated by org.testng.reporters.JUnitReportReporter -->
<testsuite hostname="DESKTOP-GE7A7DT" failures="0" tests="3" name="org.Challenges.Day_8.TagAnnotations" time="26.548" errors="0" timestamp="2023-10-09T20:20:18 IST" skipped="0">
  <testcase classname="org.Challenges.Day_8.TagAnnotations" name="tc2" time="6.983"/>
  <system-out/>
  <testcase classname="org.Challenges.Day_8.TagAnnotations" name="tc1" time="6.598"/>
  <system-out/>
  <testcase classname="org.Challenges.Day_8.TagAnnotations" name="tc3" time="12.967"/>
  <system-out/>
</testsuite> <!-- org.Challenges.Day_8.TagAnnotations -->
