<?xml version="1.0" encoding="UTF-8"?>
<!-- Generated by org.testng.reporters.JUnitReportReporter -->
<testsuite hostname="DESKTOP-GE7A7DT" failures="0" tests="2" name="org.Sample.TestNG.Cross_Browser.Class_Level.classC" time="221.754" errors="0" timestamp="2023-10-20T08:47:04 IST" skipped="0">
  <testcase classname="org.Sample.TestNG.Cross_Browser.Class_Level.classC" name="tc1" time="63.784"/>
  <system-out/>
  <testcase classname="org.Sample.TestNG.Cross_Browser.Class_Level.classC" name="tc3" time="157.970"/>
  <system-out/>
</testsuite> <!-- org.Sample.TestNG.Cross_Browser.Class_Level.classC -->
