<?xml version="1.0" encoding="UTF-8"?>
<!-- Generated by org.testng.reporters.JUnitReportReporter -->
<testsuite hostname="DESKTOP-GE7A7DT" failures="0" tests="1" name="org.Sample.TestNG.Parameterization" time="25.677" errors="0" timestamp="2023-10-15T08:17:43 IST" skipped="0">
  <testcase classname="org.Sample.TestNG.Parameterization" name="tc1" time="25.677"/>
  <system-out/>
</testsuite> <!-- org.Sample.TestNG.Parameterization -->
