<?xml version="1.0" encoding="UTF-8"?>
<!-- Generated by org.testng.reporters.JUnitReportReporter -->
<testsuite hostname="DESKTOP-GE7A7DT" failures="0" tests="2" name="org.Challenges.Day_8.SuiteC" time="35.596" errors="0" timestamp="2023-10-10T06:54:04 IST" skipped="0">
  <testcase classname="org.Challenges.Day_8.SuiteC" name="tc8" time="27.186"/>
  <system-out/>
  <testcase classname="org.Challenges.Day_8.SuiteC" name="tc9" time="8.410"/>
  <system-out/>
</testsuite> <!-- org.Challenges.Day_8.SuiteC -->
