<?xml version="1.0" encoding="UTF-8"?>
<!-- Generated by org.testng.reporters.JUnitReportReporter -->
<testsuite hostname="DESKTOP-GE7A7DT" failures="0" tests="2" name="org.Challenges.Day_8.SuiteB" time="33.619" errors="0" timestamp="2023-10-10T06:54:04 IST" skipped="0">
  <testcase classname="org.Challenges.Day_8.SuiteB" name="tc6" time="13.178"/>
  <system-out/>
  <testcase classname="org.Challenges.Day_8.SuiteB" name="tc5" time="20.441"/>
  <system-out/>
</testsuite> <!-- org.Challenges.Day_8.SuiteB -->
