<?xml version="1.0" encoding="UTF-8"?>
<!-- Generated by org.testng.reporters.JUnitReportReporter -->
<testsuite hostname="DESKTOP-GE7A7DT" failures="0" tests="2" name="org.Challenges.Day_8.SuiteA" time="25.870" errors="0" timestamp="2023-10-10T06:54:04 IST" skipped="0">
  <testcase classname="org.Challenges.Day_8.SuiteA" name="tc1" time="17.357"/>
  <system-out/>
  <testcase classname="org.Challenges.Day_8.SuiteA" name="tc2" time="8.513"/>
  <system-out/>
</testsuite> <!-- org.Challenges.Day_8.SuiteA -->
