<?xml version="1.0" encoding="UTF-8"?>
<!-- Generated by org.testng.reporters.JUnitReportReporter -->
<testsuite hostname="DESKTOP-GE7A7DT" failures="0" tests="1" name="org.Sample.TestNG.Parameterization.Parameter" time="43.413" errors="0" timestamp="2023-10-15T08:26:42 IST" skipped="0">
  <testcase classname="org.Sample.TestNG.Parameterization.Parameter" name="tc1" time="43.413"/>
  <system-out/>
</testsuite> <!-- org.Sample.TestNG.Parameterization.Parameter -->
