<?xml version="1.0" encoding="UTF-8"?>
<!-- Generated by org.testng.reporters.JUnitReportReporter -->
<testsuite hostname="DESKTOP-GE7A7DT" failures="0" tests="4" name="org.Sample.TestNG.Parameterization.Data_provider" time="89.551" errors="0" timestamp="2023-10-15T08:52:25 IST" skipped="0">
  <testcase classname="org.Sample.TestNG.Parameterization.Data_provider" name="tc1" time="15.295"/>
  <system-out/>
  <testcase classname="org.Sample.TestNG.Parameterization.Data_provider" name="tc1" time="22.207"/>
  <system-out/>
  <testcase classname="org.Sample.TestNG.Parameterization.Data_provider" name="tc1" time="30.388"/>
  <system-out/>
  <testcase classname="org.Sample.TestNG.Parameterization.Data_provider" name="tc1" time="21.661"/>
  <system-out/>
</testsuite> <!-- org.Sample.TestNG.Parameterization.Data_provider -->
