<?xml version="1.0" encoding="UTF-8"?>
<!-- Generated by org.testng.reporters.JUnitReportReporter -->
<testsuite hostname="DESKTOP-GE7A7DT" failures="0" tests="3" name="org.Sample.TestNG.ReRun.sample" time="117.744" errors="0" timestamp="2023-10-21T07:23:59 IST" skipped="0">
  <testcase classname="org.Sample.TestNG.ReRun.sample" name="tc2" time="27.520"/>
  <system-out/>
  <testcase classname="org.Sample.TestNG.ReRun.sample" name="tc3" time="56.684"/>
  <system-out/>
  <testcase classname="org.Sample.TestNG.ReRun.sample" name="tc1" time="33.540"/>
  <system-out/>
</testsuite> <!-- org.Sample.TestNG.ReRun.sample -->
