<?xml version="1.0" encoding="UTF-8"?>
<!-- Generated by org.testng.reporters.JUnitReportReporter -->
<testsuite hostname="DESKTOP-GE7A7DT" failures="0" tests="2" name="org.Challenges.Day_9.C" time="0.026" errors="0" timestamp="2023-10-15T10:14:25 IST" skipped="0">
  <testcase classname="org.Challenges.Day_9.C" name="tc55" time="0.021"/>
  <system-out/>
  <testcase classname="org.Challenges.Day_9.C" name="tc55" time="0.005"/>
  <system-out/>
</testsuite> <!-- org.Challenges.Day_9.C -->
