<?xml version="1.0" encoding="UTF-8"?>
<!-- Generated by org.testng.reporters.JUnitReportReporter -->
<testsuite hostname="DESKTOP-GE7A7DT" failures="0" tests="3" name="org.sample.reRun" time="104.239" errors="0" timestamp="2023-10-21T07:27:48 IST" skipped="0">
  <testcase classname="org.sample.reRun" name="tc2" time="31.123"/>
  <system-out/>
  <testcase classname="org.sample.reRun" name="tc1" time="23.974"/>
  <system-out/>
  <testcase classname="org.sample.reRun" name="tc3" time="49.142"/>
  <system-out/>
</testsuite> <!-- org.sample.reRun -->
