<?xml version="1.0" encoding="UTF-8"?>
<!-- Generated by org.testng.reporters.JUnitReportReporter -->
<testsuite hostname="DESKTOP-GE7A7DT" failures="0" tests="5" name="org.Sample.TestNG.Parameterization.Data_provider2" time="433.686" errors="0" timestamp="2023-10-15T09:21:35 IST" skipped="0">
  <testcase classname="org.Sample.TestNG.Parameterization.Data_provider2" name="tc1" time="75.070"/>
  <system-out/>
  <testcase classname="org.Sample.TestNG.Parameterization.Data_provider2" name="tc1" time="60.033"/>
  <system-out/>
  <testcase classname="org.Sample.TestNG.Parameterization.Data_provider2" name="tc1" time="65.856"/>
  <system-out/>
  <testcase classname="org.Sample.TestNG.Parameterization.Data_provider2" name="tc1" time="78.844"/>
  <system-out/>
  <testcase classname="org.Sample.TestNG.Parameterization.Data_provider2" name="tc1" time="153.883"/>
  <system-out/>
</testsuite> <!-- org.Sample.TestNG.Parameterization.Data_provider2 -->
